<?xml version="1.0" encoding="UTF-8"?>
<testsuite xmlns:xsi="http://www.w3.org/2001/XMLSchema-instance" xsi:noNamespaceSchemaLocation="https://maven.apache.org/surefire/maven-surefire-plugin/xsd/surefire-test-report-3.0.xsd" version="3.0" name="com.containers.GenericListTest" time="0.037" tests="4" errors="0" skipped="0" failures="0">
  <properties>
[...]
</properties>
  <testcase name="testSortStability" classname="com.containers.GenericListTest" time="0.01">
    <system-out><![CDATA[
========================================
Running testSortStability...
========================================
Added: {1,0} → GenericList(size=1) [{1,0}]
Added: {1,1} → GenericList(size=2) [{1,0}, {1,1}]
Added: {0,2} → GenericList(size=3) [{1,0}, {1,1}, {0,2}]
Sorted list by key → GenericList(size=3) [{0,2}, {1,0}, {1,1}]
Item at 0: {0,2}
Item at 1: {1,0}
Item at 2: {1,1}
✓ testSortStability passed.
========================================

]]></system-out>
  </testcase>
  <testcase name="testAddAtRemoveAtGetAndBounds" classname="com.containers.GenericListTest" time="0.008">
    <system-out><![CDATA[
========================================
Running testAddAtRemoveAtGetAndBounds...
========================================
Added last: 1 → GenericList(size=1) [1]
Added last: 2 → GenericList(size=2) [1, 2]
Added last: 3 → GenericList(size=3) [1, 2, 3]
Verified list size is 3.
Added at index 1: 9 → GenericList(size=4) [1, 9, 2, 3]
Get at index 1: 9
Removed at index 1: 9 → GenericList(size=3) [1, 2, 3]
Get at index 1 after remove: 2
Verified get(-1) throws IndexOutOfBoundsException.
Verified get(size) throws IndexOutOfBoundsException.
Verified addAt(100, 5) throws IndexOutOfBoundsException.
✓ testAddAtRemoveAtGetAndBounds passed.
========================================

]]></system-out>
  </testcase>
  <testcase name="testPeekRemoveEmptyBehaviour" classname="com.containers.GenericListTest" time="0.003">
    <system-out><![CDATA[
========================================
Running testPeekRemoveEmptyBehaviour...
========================================
Created new GenericList: GenericList(size=0) []
Verified list is empty.
Verified peek throws NoSuchElementException on empty list.
Verified remove throws NoSuchElementException on empty list.
✓ testPeekRemoveEmptyBehaviour passed.
========================================

]]></system-out>
  </testcase>
  <testcase name="testUpdateAndContains" classname="com.containers.GenericListTest" time="0.008">
    <system-out><![CDATA[
========================================
Running testUpdateAndContains...
========================================
Added: a → GenericList(size=1) [a]
Added: b → GenericList(size=2) [a, b]
Added: c → GenericList(size=3) [a, b, c]
Contains 'b': true
Contains 'z': false
Updated index 1 to 'B': true → GenericList(size=3) [a, B, c]
Get at index 1: B
Update index -1: false
Update index size: false
✓ testUpdateAndContains passed.
========================================

]]></system-out>
  </testcase>
</testsuite>