<?xml version="1.0" encoding="UTF-8"?>
<testsuite xmlns:xsi="http://www.w3.org/2001/XMLSchema-instance" xsi:noNamespaceSchemaLocation="https://maven.apache.org/surefire/maven-surefire-plugin/xsd/surefire-test-report-3.0.xsd" version="3.0" name="com.containers.StackTest" time="0.019" tests="3" errors="0" skipped="0" failures="0">
  <properties>
[...]
</properties>
  <testcase name="testSingleElement" classname="com.containers.StackTest" time="0.012">
    <system-out><![CDATA[
========================================
Running testSingleElement...
========================================
Pushed: hello → Stack(size=1) [hello]
Verified stack is not empty.
Verified stack size is 1.
Peek: hello
Popped: hello → Stack(size=0) []
Verified stack is empty.
Verified stack size is 0.
✓ testSingleElement passed.
========================================

]]></system-out>
  </testcase>
  <testcase name="testEmptyStack" classname="com.containers.StackTest" time="0.001">
    <system-out><![CDATA[
========================================
Running testEmptyStack...
========================================
Created new Stack: Stack(size=0) []
Verified stack is empty.
Verified stack size is 0.
Verified pop throws NoSuchElementException on empty stack.
Verified peek throws NoSuchElementException on empty stack.
✓ testEmptyStack passed.
========================================

]]></system-out>
  </testcase>
  <testcase name="testMultipleElementsLIFO" classname="com.containers.StackTest" time="0.002">
    <system-out><![CDATA[
========================================
Running testMultipleElementsLIFO...
========================================
Pushed: 1 → Stack(size=1) [1]
Pushed: 2 → Stack(size=2) [1, 2]
Pushed: 3 → Stack(size=3) [1, 2, 3]
Peek: 3 (stack unchanged)
Popped: 3 → Stack(size=2) [1, 2]
Popped: 2 → Stack(size=1) [1]
Popped: 1 → Stack(size=0) []
Verified stack is empty.
✓ testMultipleElementsLIFO passed.
========================================

]]></system-out>
  </testcase>
</testsuite>