<?xml version="1.0" encoding="UTF-8"?>
<testsuite xmlns:xsi="http://www.w3.org/2001/XMLSchema-instance" xsi:noNamespaceSchemaLocation="https://maven.apache.org/surefire/maven-surefire-plugin/xsd/surefire-test-report-3.0.xsd" version="3.0" name="com.containers.QueueTest" time="0.02" tests="3" errors="0" skipped="0" failures="0">
  <properties>
[...]
</properties>
  <testcase name="testSingleElement" classname="com.containers.QueueTest" time="0.012">
    <system-out><![CDATA[
========================================
Running testSingleElement...
========================================
Enqueued: a → Queue(size=1) [a]
Verified queue is not empty.
Verified queue size is 1.
Peek: a (queue unchanged)
Dequeued: a → Queue(size=0) []
Verified queue is empty.
✓ testSingleElement passed.
========================================

]]></system-out>
  </testcase>
  <testcase name="testEmptyQueue" classname="com.containers.QueueTest" time="0.003">
    <system-out><![CDATA[
========================================
Running testEmptyQueue...
========================================
Created new Queue: Queue(size=0) []
Verified queue is empty.
Verified queue size is 0.
Verified dequeue throws NoSuchElementException on empty queue.
Verified peek throws NoSuchElementException on empty queue.
✓ testEmptyQueue passed.
========================================

]]></system-out>
  </testcase>
  <testcase name="testMultipleElementsFIFO" classname="com.containers.QueueTest" time="0.001">
    <system-out><![CDATA[
========================================
Running testMultipleElementsFIFO...
========================================
Enqueued: 1 → Queue(size=1) [1]
Enqueued: 2 → Queue(size=2) [1, 2]
Enqueued: 3 → Queue(size=3) [1, 2, 3]
Dequeued: 1 → Queue(size=2) [2, 3]
Peek: 2 (queue unchanged)
Dequeued: 2 → Queue(size=1) [3]
Dequeued: 3 → Queue(size=0) []
Verified queue is empty.
✓ testMultipleElementsFIFO passed.
========================================

]]></system-out>
  </testcase>
</testsuite>